+ CC src/nemu-main.c
+ CC src/engine/interpreter/init.c
+ CC src/engine/interpreter/hostcall.c
+ CC src/device/io/mmio.c
+ CC src/device/io/port-io.c
+ CC src/device/io/map.c
+ CC src/isa/riscv64/reg.c
+ CC src/isa/riscv64/init.c
+ CC src/isa/riscv64/inst.c
+ CC src/isa/riscv64/difftest/dut.c
+ CC src/isa/riscv64/system/intr.c
+ CC src/isa/riscv64/system/mmu.c
+ CC src/isa/riscv64/logo.c
+ CC src/cpu/cpu-exec.c
+ CC src/cpu/difftest/ref.c
+ CC src/cpu/difftest/dut.c
+ CC src/monitor/monitor.c
+ CC src/monitor/sdb/expr.c
+ CC src/monitor/sdb/sdb.c
+ CC src/monitor/sdb/watchpoint.c
+ CC src/utils/timer.c
+ CC src/utils/state.c
+ CC src/utils/log.c
+ CC src/memory/vaddr.c
+ CC src/memory/paddr.c
+ CXX src/utils/disasm.cc
+ LD /home/btwl/code/ICS_OS_study/nju_ics2023/nemu/build/riscv64-nemu-interpreter
